<?xml version="1.0" encoding="UTF-8"?>
<!-- Generated by org.testng.reporters.JUnitReportReporter -->
<testsuite skipped="0" hostname="GauravRasal" name="test.Day4" tests="5" failures="0" timestamp="2021-10-28T13:58:37 IST" time="0.014" errors="0">
  <testcase name="Dating3" time="0.002" classname="test.Day4"/>
  <system-out/>
  <testcase name="Dating2" time="0.006" classname="test.Day4"/>
  <system-out/>
  <testcase name="Dating4" time="0.002" classname="test.Day4"/>
  <system-out/>
  <testcase name="Dating" time="0.003" classname="test.Day4"/>
  <system-out/>
  <testcase name="Dating1" time="0.001" classname="test.Day4"/>
  <system-out/>
</testsuite> <!-- test.Day4 -->
