<?xml version="1.0" encoding="UTF-8"?>
<!-- Generated by org.testng.reporters.JUnitReportReporter -->
<testsuite skipped="0" hostname="GauravRasal" name="test.Day2" tests="4" failures="0" timestamp="2021-10-28T13:58:37 IST" time="0.008" errors="0">
  <testcase name="meeting2" time="0.002" classname="test.Day2"/>
  <system-out/>
  <testcase name="meeting1" time="0.001" classname="test.Day2"/>
  <system-out/>
  <testcase name="meeting3" time="0.002" classname="test.Day2"/>
  <system-out/>
  <testcase name="meeting" time="0.003" classname="test.Day2"/>
  <system-out/>
</testsuite> <!-- test.Day2 -->
