<?xml version="1.0" encoding="UTF-8"?>
<!-- Generated by org.testng.reporters.JUnitReportReporter -->
<testsuite skipped="0" hostname="GauravRasal" name="test.Day3" tests="3" failures="0" timestamp="2021-10-28T13:58:37 IST" time="0.013" errors="0">
  <testcase name="chating" time="0.008" classname="test.Day3"/>
  <system-out/>
  <testcase name="chating1" time="0.003" classname="test.Day3"/>
  <system-out/>
  <testcase name="chating2" time="0.002" classname="test.Day3"/>
  <system-out/>
</testsuite> <!-- test.Day3 -->
