<?xml version="1.0" encoding="UTF-8"?>
<!-- Generated by org.testng.reporters.JUnitReportReporter -->
<testsuite skipped="0" hostname="GauravRasal" name="test.Day1" tests="4" failures="0" timestamp="2021-10-28T13:58:37 IST" time="0.033" errors="0">
  <testcase name="planning1" time="0.009" classname="test.Day1"/>
  <system-out/>
  <testcase name="planning2" time="0.002" classname="test.Day1"/>
  <system-out/>
  <testcase name="planning" time="0.010" classname="test.Day1"/>
  <system-out/>
  <testcase name="planning3" time="0.012" classname="test.Day1"/>
  <system-out/>
</testsuite> <!-- test.Day1 -->
