<?xml version="1.0" encoding="UTF-8"?>
<!-- Generated by org.testng.reporters.JUnitReportReporter -->
<testsuite skipped="0" hostname="GauravRasal" name="test.Day1" tests="4" failures="0" timestamp="2022-01-08T01:29:31 IST" time="0.021" errors="0">
  <testcase name="planning" time="0.007" classname="test.Day1"/>
  <system-out/>
  <testcase name="planning3" time="0.003" classname="test.Day1"/>
  <system-out/>
  <testcase name="planning1" time="0.007" classname="test.Day1"/>
  <system-out/>
  <testcase name="planning2" time="0.004" classname="test.Day1"/>
  <system-out/>
</testsuite> <!-- test.Day1 -->
